Release 14.7 - xst P.20131013 (nt)
Copyright (c) 1995-2013 Xilinx, Inc.  All rights reserved.
--> Parameter TMPDIR set to xst/projnav.tmp


Total REAL time to Xst completion: 1.00 secs
Total CPU time to Xst completion: 0.61 secs
 
--> Parameter xsthdpdir set to xst


Total REAL time to Xst completion: 1.00 secs
Total CPU time to Xst completion: 0.61 secs
 
--> Reading design: ALU.prj

TABLE OF CONTENTS
  1) Synthesis Options Summary
  2) HDL Parsing
  3) HDL Elaboration
  4) HDL Synthesis
       4.1) HDL Synthesis Report
  5) Advanced HDL Synthesis
       5.1) Advanced HDL Synthesis Report
  6) Low Level Synthesis
  7) Partition Report
  8) Design Summary
       8.1) Primitive and Black Box Usage
       8.2) Device utilization summary
       8.3) Partition Resource Summary
       8.4) Timing Report
            8.4.1) Clock Information
            8.4.2) Asynchronous Control Signals Information
            8.4.3) Timing Summary
            8.4.4) Timing Details
            8.4.5) Cross Clock Domains Report


=========================================================================
*                      Synthesis Options Summary                        *
=========================================================================
---- Source Parameters
Input File Name                    : "ALU.prj"
Ignore Synthesis Constraint File   : NO

---- Target Parameters
Output File Name                   : "ALU"
Output Format                      : NGC
Target Device                      : xc7a100t-2-csg324

---- Source Options
Top Module Name                    : ALU
Automatic FSM Extraction           : YES
FSM Encoding Algorithm             : Auto
Safe Implementation                : No
FSM Style                          : LUT
RAM Extraction                     : Yes
RAM Style                          : Auto
ROM Extraction                     : Yes
Shift Register Extraction          : YES
ROM Style                          : Auto
Resource Sharing                   : YES
Asynchronous To Synchronous        : NO
Shift Register Minimum Size        : 2
Use DSP Block                      : Auto
Automatic Register Balancing       : No

---- Target Options
LUT Combining                      : Auto
Reduce Control Sets                : Auto
Add IO Buffers                     : YES
Global Maximum Fanout              : 100000
Add Generic Clock Buffer(BUFG)     : 32
Register Duplication               : YES
Optimize Instantiated Primitives   : NO
Use Clock Enable                   : Auto
Use Synchronous Set                : Auto
Use Synchronous Reset              : Auto
Pack IO Registers into IOBs        : Auto
Equivalent register Removal        : YES

---- General Options
Optimization Goal                  : Speed
Optimization Effort                : 1
Power Reduction                    : NO
Keep Hierarchy                     : No
Netlist Hierarchy                  : As_Optimized
RTL Output                         : Yes
Global Optimization                : AllClockNets
Read Cores                         : YES
Write Timing Constraints           : NO
Cross Clock Analysis               : NO
Hierarchy Separator                : /
Bus Delimiter                      : <>
Case Specifier                     : Maintain
Slice Utilization Ratio            : 100
BRAM Utilization Ratio             : 100
DSP48 Utilization Ratio            : 100
Auto BRAM Packing                  : NO
Slice Utilization Ratio Delta      : 5

=========================================================================


=========================================================================
*                          HDL Parsing                                  *
=========================================================================
Parsing VHDL file "C:\Documents and Settings\Laboratorio\Escritorio\alu\ALU\ALU.vhd" into library work
Parsing entity <ALU>.
Parsing architecture <Behavioral> of entity <alu>.

=========================================================================
*                            HDL Elaboration                            *
=========================================================================

Elaborating entity <ALU> (architecture <Behavioral>) with generics from library <work>.
WARNING:HDLCompiler:746 - "C:\Documents and Settings\Laboratorio\Escritorio\alu\ALU\ALU.vhd" Line 73: Range is empty (null range)

=========================================================================
*                           HDL Synthesis                               *
=========================================================================

Synthesizing Unit <ALU>.
    Related source file is "C:\Documents and Settings\Laboratorio\Escritorio\alu\ALU\ALU.vhd".
        N = 4
    Found 1-bit 4-to-1 multiplexer for signal <RES<0>> created at line 60.
    Found 1-bit 4-to-1 multiplexer for signal <RES<1>> created at line 60.
    Found 1-bit 4-to-1 multiplexer for signal <RES<2>> created at line 60.
    Found 1-bit 4-to-1 multiplexer for signal <FLAG<2>> created at line 60.
WARNING:Xst:737 - Found 1-bit latch for signal <C<3>>. Latches may be generated from incomplete case or if statements. We do not recommend the use of latches in FPGA/CPLD designs, as they may lead to timing problems.
WARNING:Xst:737 - Found 1-bit latch for signal <C<2>>. Latches may be generated from incomplete case or if statements. We do not recommend the use of latches in FPGA/CPLD designs, as they may lead to timing problems.
WARNING:Xst:737 - Found 1-bit latch for signal <C<1>>. Latches may be generated from incomplete case or if statements. We do not recommend the use of latches in FPGA/CPLD designs, as they may lead to timing problems.
WARNING:Xst:737 - Found 1-bit latch for signal <P<2>>. Latches may be generated from incomplete case or if statements. We do not recommend the use of latches in FPGA/CPLD designs, as they may lead to timing problems.
WARNING:Xst:737 - Found 1-bit latch for signal <P<1>>. Latches may be generated from incomplete case or if statements. We do not recommend the use of latches in FPGA/CPLD designs, as they may lead to timing problems.
WARNING:Xst:737 - Found 1-bit latch for signal <P<0>>. Latches may be generated from incomplete case or if statements. We do not recommend the use of latches in FPGA/CPLD designs, as they may lead to timing problems.
WARNING:Xst:737 - Found 1-bit latch for signal <G<2>>. Latches may be generated from incomplete case or if statements. We do not recommend the use of latches in FPGA/CPLD designs, as they may lead to timing problems.
WARNING:Xst:737 - Found 1-bit latch for signal <G<1>>. Latches may be generated from incomplete case or if statements. We do not recommend the use of latches in FPGA/CPLD designs, as they may lead to timing problems.
WARNING:Xst:737 - Found 1-bit latch for signal <G<0>>. Latches may be generated from incomplete case or if statements. We do not recommend the use of latches in FPGA/CPLD designs, as they may lead to timing problems.
WARNING:Xst:737 - Found 1-bit latch for signal <C<4>>. Latches may be generated from incomplete case or if statements. We do not recommend the use of latches in FPGA/CPLD designs, as they may lead to timing problems.
    Summary:
	inferred  10 Latch(s).
	inferred  21 Multiplexer(s).
Unit <ALU> synthesized.

=========================================================================
HDL Synthesis Report

Macro Statistics
# Latches                                              : 10
 1-bit latch                                           : 10
# Multiplexers                                         : 21
 1-bit 2-to-1 multiplexer                              : 17
 1-bit 4-to-1 multiplexer                              : 4
# Xors                                                 : 23
 1-bit xor2                                            : 23

=========================================================================

=========================================================================
*                       Advanced HDL Synthesis                          *
=========================================================================


=========================================================================
Advanced HDL Synthesis Report

Macro Statistics
# Multiplexers                                         : 21
 1-bit 2-to-1 multiplexer                              : 17
 1-bit 4-to-1 multiplexer                              : 4
# Xors                                                 : 23
 1-bit xor2                                            : 23

=========================================================================

=========================================================================
*                         Low Level Synthesis                           *
=========================================================================
WARNING:Xst:2677 - Node <C_4> of sequential type is unconnected in block <ALU>.

Optimizing unit <ALU> ...
WARNING:Xst:2677 - Node <G_0> of sequential type is unconnected in block <ALU>.
WARNING:Xst:2677 - Node <G_1> of sequential type is unconnected in block <ALU>.
WARNING:Xst:2677 - Node <G_2> of sequential type is unconnected in block <ALU>.
WARNING:Xst:2677 - Node <C_3> of sequential type is unconnected in block <ALU>.
WARNING:Xst:2677 - Node <C_2> of sequential type is unconnected in block <ALU>.
WARNING:Xst:2677 - Node <C_1> of sequential type is unconnected in block <ALU>.
WARNING:Xst:2677 - Node <P_2> of sequential type is unconnected in block <ALU>.
WARNING:Xst:2677 - Node <P_1> of sequential type is unconnected in block <ALU>.
WARNING:Xst:2677 - Node <P_0> of sequential type is unconnected in block <ALU>.

Mapping all equations...
Building and optimizing final netlist ...
Found area constraint ratio of 100 (+ 5) on block ALU, actual ratio is 0.

Final Macro Processing ...

=========================================================================
Final Register Report

Found no macro
=========================================================================

=========================================================================
*                           Partition Report                            *
=========================================================================

Partition Implementation Status
-------------------------------

  No Partitions were found in this design.

-------------------------------

=========================================================================
*                            Design Summary                             *
=========================================================================

Top Level Output File Name         : ALU.ngc

Primitive and Black Box Usage:
------------------------------
# BELS                             : 33
#      LUT2                        : 4
#      LUT3                        : 8
#      LUT4                        : 1
#      LUT5                        : 3
#      LUT6                        : 16
#      MUXF7                       : 1
# FlipFlops/Latches                : 9
#      LD                          : 9
# IO Buffers                       : 20
#      IBUF                        : 12
#      OBUF                        : 8

Device utilization summary:
---------------------------

Selected Device : 7a100tcsg324-2 


Slice Logic Utilization: 
 Number of Slice Registers:               9  out of  126800     0%  
 Number of Slice LUTs:                   32  out of  63400     0%  
    Number used as Logic:                32  out of  63400     0%  

Slice Logic Distribution: 
 Number of LUT Flip Flop pairs used:     33
   Number with an unused Flip Flop:      24  out of     33    72%  
   Number with an unused LUT:             1  out of     33     3%  
   Number of fully used LUT-FF pairs:     8  out of     33    24%  
   Number of unique control sets:         1

IO Utilization: 
 Number of IOs:                          20
 Number of bonded IOBs:                  20  out of    210     9%  

Specific Feature Utilization:

---------------------------
Partition Resource Summary:
---------------------------

  No Partitions were found in this design.

---------------------------


=========================================================================
Timing Report

NOTE: THESE TIMING NUMBERS ARE ONLY A SYNTHESIS ESTIMATE.
      FOR ACCURATE TIMING INFORMATION PLEASE REFER TO THE TRACE REPORT
      GENERATED AFTER PLACE-and-ROUTE.

Clock Information:
------------------
----------------------------------------------------------+------------------------+-------+
Clock Signal                                              | Clock buffer(FF name)  | Load  |
----------------------------------------------------------+------------------------+-------+
ALUOP[1]_PWR_5_o_Mux_31_o(ALUOP[1]_PWR_5_o_Mux_31_o<1>1:O)| NONE(*)(G_0)           | 9     |
----------------------------------------------------------+------------------------+-------+
(*) This 1 clock signal(s) are generated by combinatorial logic,
and XST is not able to identify which are the primary clock signals.
Please use the CLOCK_SIGNAL constraint to specify the clock signal(s) generated by combinatorial logic.
INFO:Xst:2169 - HDL ADVISOR - Some clock signals were not automatically buffered by XST with BUFG/BUFR resources. Please use the buffer_type constraint in order to insert these buffers to the clock signals to help prevent skew problems.

Asynchronous Control Signals Information:
----------------------------------------
No asynchronous control signals found in this design

Timing Summary:
---------------
Speed Grade: -2

   Minimum period: 1.699ns (Maximum Frequency: 588.512MHz)
   Minimum input arrival time before clock: 2.349ns
   Maximum output required time after clock: 4.026ns
   Maximum combinational path delay: 4.389ns

Timing Details:
---------------
All values displayed in nanoseconds (ns)

=========================================================================
Timing constraint: Default period analysis for Clock 'ALUOP[1]_PWR_5_o_Mux_31_o'
  Clock period: 1.699ns (frequency: 588.512MHz)
  Total number of paths / destination ports: 7 / 2
-------------------------------------------------------------------------
Delay:               1.699ns (Levels of Logic = 2)
  Source:            G_1 (LATCH)
  Destination:       C_3 (LATCH)
  Source Clock:      ALUOP[1]_PWR_5_o_Mux_31_o falling
  Destination Clock: ALUOP[1]_PWR_5_o_Mux_31_o falling

  Data Path: G_1 to C_3
                                Gate     Net
    Cell:in->out      fanout   Delay   Delay  Logical Name (Net Name)
    ----------------------------------------  ------------
     LD:G->Q               3   0.521   0.369  G_1 (G_1)
     LUT6:I5->O            1   0.105   0.599  A[3]_ALUOP[2]_OR_23_o11_SW0 (N4)
     LUT6:I3->O            2   0.105   0.000  A[2]_ALUOP[2]_OR_15_o1 (A[2]_ALUOP[2]_OR_15_o)
     LD:D                     -0.015          C_3
    ----------------------------------------
    Total                      1.699ns (0.731ns logic, 0.968ns route)
                                       (43.0% logic, 57.0% route)

=========================================================================
Timing constraint: Default OFFSET IN BEFORE for Clock 'ALUOP[1]_PWR_5_o_Mux_31_o'
  Total number of paths / destination ports: 60 / 9
-------------------------------------------------------------------------
Offset:              2.349ns (Levels of Logic = 4)
  Source:            ALUOP<1> (PAD)
  Destination:       C_2 (LATCH)
  Destination Clock: ALUOP[1]_PWR_5_o_Mux_31_o falling

  Data Path: ALUOP<1> to C_2
                                Gate     Net
    Cell:in->out      fanout   Delay   Delay  Logical Name (Net Name)
    ----------------------------------------  ------------
     IBUF:I->O            12   0.001   0.512  ALUOP_1_IBUF (ALUOP_1_IBUF)
     LUT2:I0->O           15   0.105   0.871  ALUOP[1]_PWR_5_o_Mux_31_o<1>1 (ALUOP[1]_PWR_5_o_Mux_31_o)
     LUT6:I0->O            1   0.105   0.649  A[1]_ALUOP[2]_OR_8_o11_SW0 (N7)
     LUT5:I1->O            2   0.105   0.000  A[1]_ALUOP[2]_OR_8_o2 (A[1]_ALUOP[2]_OR_8_o)
     LD:D                     -0.015          C_2
    ----------------------------------------
    Total                      2.349ns (0.316ns logic, 2.033ns route)
                                       (13.5% logic, 86.5% route)

=========================================================================
Timing constraint: Default OFFSET OUT AFTER for Clock 'ALUOP[1]_PWR_5_o_Mux_31_o'
  Total number of paths / destination ports: 50 / 7
-------------------------------------------------------------------------
Offset:              4.026ns (Levels of Logic = 6)
  Source:            G_1 (LATCH)
  Destination:       FLAG<1> (PAD)
  Source Clock:      ALUOP[1]_PWR_5_o_Mux_31_o falling

  Data Path: G_1 to FLAG<1>
                                Gate     Net
    Cell:in->out      fanout   Delay   Delay  Logical Name (Net Name)
    ----------------------------------------  ------------
     LD:G->Q               3   0.521   0.369  G_1 (G_1)
     LUT6:I5->O            1   0.105   0.599  A[3]_ALUOP[2]_OR_23_o11_SW0 (N4)
     LUT6:I3->O            2   0.105   0.654  A[2]_ALUOP[2]_OR_15_o1 (A[2]_ALUOP[2]_OR_15_o)
     LUT6:I2->O            1   0.105   0.357  Mmux_FLAG<2>11 (Mmux_FLAG<2>1)
     LUT6:I5->O            3   0.105   0.661  Mmux_FLAG<2>12 (FLAG_2_OBUF)
     LUT4:I0->O            1   0.105   0.339  FLAG<1>1 (FLAG_1_OBUF)
     OBUF:I->O                 0.000          FLAG_1_OBUF (FLAG<1>)
    ----------------------------------------
    Total                      4.026ns (1.046ns logic, 2.980ns route)
                                       (26.0% logic, 74.0% route)

=========================================================================
Timing constraint: Default path analysis
  Total number of paths / destination ports: 270 / 8
-------------------------------------------------------------------------
Delay:               4.389ns (Levels of Logic = 8)
  Source:            ALUOP<1> (PAD)
  Destination:       FLAG<1> (PAD)

  Data Path: ALUOP<1> to FLAG<1>
                                Gate     Net
    Cell:in->out      fanout   Delay   Delay  Logical Name (Net Name)
    ----------------------------------------  ------------
     IBUF:I->O            12   0.001   0.512  ALUOP_1_IBUF (ALUOP_1_IBUF)
     LUT2:I0->O           15   0.105   0.871  ALUOP[1]_PWR_5_o_Mux_31_o<1>1 (ALUOP[1]_PWR_5_o_Mux_31_o)
     LUT6:I0->O            2   0.105   0.362  A[1]_ALUOP[2]_OR_8_o11 (A[1]_ALUOP[2]_OR_8_o1)
     LUT6:I5->O            2   0.105   0.654  A[2]_ALUOP[2]_OR_15_o1 (A[2]_ALUOP[2]_OR_15_o)
     LUT6:I2->O            1   0.105   0.357  Mmux_FLAG<2>11 (Mmux_FLAG<2>1)
     LUT6:I5->O            3   0.105   0.661  Mmux_FLAG<2>12 (FLAG_2_OBUF)
     LUT4:I0->O            1   0.105   0.339  FLAG<1>1 (FLAG_1_OBUF)
     OBUF:I->O                 0.000          FLAG_1_OBUF (FLAG<1>)
    ----------------------------------------
    Total                      4.389ns (0.631ns logic, 3.758ns route)
                                       (14.4% logic, 85.6% route)

=========================================================================

Cross Clock Domains Report:
--------------------------

Clock to Setup on destination clock ALUOP[1]_PWR_5_o_Mux_31_o
-------------------------+---------+---------+---------+---------+
                         | Src:Rise| Src:Fall| Src:Rise| Src:Fall|
Source Clock             |Dest:Rise|Dest:Rise|Dest:Fall|Dest:Fall|
-------------------------+---------+---------+---------+---------+
ALUOP[1]_PWR_5_o_Mux_31_o|         |         |    1.699|         |
-------------------------+---------+---------+---------+---------+

=========================================================================


Total REAL time to Xst completion: 18.00 secs
Total CPU time to Xst completion: 17.83 secs
 
--> 

Total memory usage is 265760 kilobytes

Number of errors   :    0 (   0 filtered)
Number of warnings :   21 (   0 filtered)
Number of infos    :    1 (   0 filtered)

