Release 14.7 - xst P.20160913 (lin64)
Copyright (c) 1995-2013 Xilinx, Inc.  All rights reserved.
--> 
Parameter TMPDIR set to xst/projnav.tmp


Total REAL time to Xst completion: 0.00 secs
Total CPU time to Xst completion: 0.04 secs
 
--> 
Parameter xsthdpdir set to xst


Total REAL time to Xst completion: 0.00 secs
Total CPU time to Xst completion: 0.04 secs
 
--> 
Reading design: RAMD.prj

TABLE OF CONTENTS
  1) Synthesis Options Summary
  2) HDL Parsing
  3) HDL Elaboration
  4) HDL Synthesis
       4.1) HDL Synthesis Report
  5) Advanced HDL Synthesis
       5.1) Advanced HDL Synthesis Report
  6) Low Level Synthesis
  7) Partition Report
  8) Design Summary
       8.1) Primitive and Black Box Usage
       8.2) Device utilization summary
       8.3) Partition Resource Summary
       8.4) Timing Report
            8.4.1) Clock Information
            8.4.2) Asynchronous Control Signals Information
            8.4.3) Timing Summary
            8.4.4) Timing Details
            8.4.5) Cross Clock Domains Report


=========================================================================
*                      Synthesis Options Summary                        *
=========================================================================
---- Source Parameters
Input File Name                    : "RAMD.prj"
Ignore Synthesis Constraint File   : NO

---- Target Parameters
Output File Name                   : "RAMD"
Output Format                      : NGC
Target Device                      : xc6slx16-2-csg324

---- Source Options
Top Module Name                    : RAMD
Automatic FSM Extraction           : YES
FSM Encoding Algorithm             : Auto
Safe Implementation                : No
FSM Style                          : LUT
RAM Extraction                     : Yes
RAM Style                          : Auto
ROM Extraction                     : Yes
Shift Register Extraction          : YES
ROM Style                          : Auto
Resource Sharing                   : YES
Asynchronous To Synchronous        : NO
Shift Register Minimum Size        : 2
Use DSP Block                      : Auto
Automatic Register Balancing       : No

---- Target Options
LUT Combining                      : Auto
Reduce Control Sets                : Auto
Add IO Buffers                     : YES
Global Maximum Fanout              : 100000
Add Generic Clock Buffer(BUFG)     : 16
Register Duplication               : YES
Optimize Instantiated Primitives   : NO
Use Clock Enable                   : Auto
Use Synchronous Set                : Auto
Use Synchronous Reset              : Auto
Pack IO Registers into IOBs        : Auto
Equivalent register Removal        : YES

---- General Options
Optimization Goal                  : Speed
Optimization Effort                : 1
Power Reduction                    : NO
Keep Hierarchy                     : No
Netlist Hierarchy                  : As_Optimized
RTL Output                         : Yes
Global Optimization                : AllClockNets
Read Cores                         : YES
Write Timing Constraints           : NO
Cross Clock Analysis               : NO
Hierarchy Separator                : /
Bus Delimiter                      : <>
Case Specifier                     : Maintain
Slice Utilization Ratio            : 100
BRAM Utilization Ratio             : 100
DSP48 Utilization Ratio            : 100
Auto BRAM Packing                  : NO
Slice Utilization Ratio Delta      : 5

=========================================================================


=========================================================================
*                          HDL Parsing                                  *
=========================================================================
Parsing VHDL file "/home/ise/ShareWindowsISE/RAMD/RAMD.vhd" into library work
Parsing entity <RAMD>.
Parsing architecture <memoria> of entity <ramd>.

=========================================================================
*                            HDL Elaboration                            *
=========================================================================

Elaborating entity <RAMD> (architecture <memoria>) with generics from library <work>.

=========================================================================
*                           HDL Synthesis                               *
=========================================================================

Synthesizing Unit <RAMD>.
    Related source file is "/home/ise/ShareWindowsISE/RAMD/RAMD.vhd".
        bdata = 16
        baddr = 6
    Found 64x16-bit single-port RAM <Mram_ramdist> for signal <ramdist>.
    Summary:
	inferred   1 RAM(s).
Unit <RAMD> synthesized.

=========================================================================
HDL Synthesis Report

Macro Statistics
# RAMs                                                 : 1
 64x16-bit single-port RAM                             : 1

=========================================================================

=========================================================================
*                       Advanced HDL Synthesis                          *
=========================================================================


Synthesizing (advanced) Unit <RAMD>.
INFO:Xst:3218 - HDL ADVISOR - The RAM <Mram_ramdist> will be implemented on LUTs either because you have described an asynchronous read or because of currently unsupported block RAM features. If you have described an asynchronous read, making it synchronous would allow you to take advantage of available block RAM resources, for optimized device usage and improved timings. Please refer to your documentation for coding guidelines.
    -----------------------------------------------------------------------
    | ram_type           | Distributed                         |          |
    -----------------------------------------------------------------------
    | Port A                                                              |
    |     aspect ratio   | 64-word x 16-bit                    |          |
    |     clkA           | connected to signal <clk>           | rise     |
    |     weA            | connected to signal <wen>           | high     |
    |     addrA          | connected to signal <adr>           |          |
    |     diA            | connected to signal <din>           |          |
    |     doA            | connected to signal <dout>          |          |
    -----------------------------------------------------------------------
Unit <RAMD> synthesized (advanced).

=========================================================================
Advanced HDL Synthesis Report

Macro Statistics
# RAMs                                                 : 1
 64x16-bit single-port distributed RAM                 : 1

=========================================================================

=========================================================================
*                         Low Level Synthesis                           *
=========================================================================

Optimizing unit <RAMD> ...

Mapping all equations...
Building and optimizing final netlist ...
Found area constraint ratio of 100 (+ 5) on block RAMD, actual ratio is 0.

Final Macro Processing ...

=========================================================================
Final Register Report

Found no macro
=========================================================================

=========================================================================
*                           Partition Report                            *
=========================================================================

Partition Implementation Status
-------------------------------

  No Partitions were found in this design.

-------------------------------

=========================================================================
*                            Design Summary                             *
=========================================================================

Top Level Output File Name         : RAMD.ngc

Primitive and Black Box Usage:
------------------------------
# RAMS                             : 16
#      RAM64X1S                    : 16
# Clock Buffers                    : 1
#      BUFGP                       : 1
# IO Buffers                       : 39
#      IBUF                        : 23
#      OBUF                        : 16

Device utilization summary:
---------------------------

Selected Device : 6slx16csg324-2 


Slice Logic Utilization: 
 Number of Slice LUTs:                   16  out of   9112     0%  
    Number used as Memory:               16  out of   2176     0%  
       Number used as RAM:               16

Slice Logic Distribution: 
 Number of LUT Flip Flop pairs used:     16
   Number with an unused Flip Flop:      16  out of     16   100%  
   Number with an unused LUT:             0  out of     16     0%  
   Number of fully used LUT-FF pairs:     0  out of     16     0%  
   Number of unique control sets:         0

IO Utilization: 
 Number of IOs:                          40
 Number of bonded IOBs:                  40  out of    232    17%  

Specific Feature Utilization:
 Number of BUFG/BUFGCTRLs:                1  out of     16     6%  

---------------------------
Partition Resource Summary:
---------------------------

  No Partitions were found in this design.

---------------------------


=========================================================================
Timing Report

NOTE: THESE TIMING NUMBERS ARE ONLY A SYNTHESIS ESTIMATE.
      FOR ACCURATE TIMING INFORMATION PLEASE REFER TO THE TRACE REPORT
      GENERATED AFTER PLACE-and-ROUTE.

Clock Information:
------------------
-----------------------------------+------------------------+-------+
Clock Signal                       | Clock buffer(FF name)  | Load  |
-----------------------------------+------------------------+-------+
clk                                | BUFGP                  | 16    |
-----------------------------------+------------------------+-------+

Asynchronous Control Signals Information:
----------------------------------------
No asynchronous control signals found in this design

Timing Summary:
---------------
Speed Grade: -2

   Minimum period: No path found
   Minimum input arrival time before clock: 2.878ns
   Maximum output required time after clock: 4.605ns
   Maximum combinational path delay: 6.337ns

Timing Details:
---------------
All values displayed in nanoseconds (ns)

=========================================================================
Timing constraint: Default OFFSET IN BEFORE for Clock 'clk'
  Total number of paths / destination ports: 128 / 128
-------------------------------------------------------------------------
Offset:              2.878ns (Levels of Logic = 1)
  Source:            wen (PAD)
  Destination:       Mram_ramdist1 (RAM)
  Destination Clock: clk rising

  Data Path: wen to Mram_ramdist1
                                Gate     Net
    Cell:in->out      fanout   Delay   Delay  Logical Name (Net Name)
    ----------------------------------------  ------------
     IBUF:I->O            16   1.328   1.181  wen_IBUF (wen_IBUF)
     RAM64X1S:WE               0.369          Mram_ramdist1
    ----------------------------------------
    Total                      2.878ns (1.697ns logic, 1.181ns route)
                                       (59.0% logic, 41.0% route)

=========================================================================
Timing constraint: Default OFFSET OUT AFTER for Clock 'clk'
  Total number of paths / destination ports: 16 / 16
-------------------------------------------------------------------------
Offset:              4.605ns (Levels of Logic = 1)
  Source:            Mram_ramdist16 (RAM)
  Destination:       dout<15> (PAD)
  Source Clock:      clk rising

  Data Path: Mram_ramdist16 to dout<15>
                                Gate     Net
    Cell:in->out      fanout   Delay   Delay  Logical Name (Net Name)
    ----------------------------------------  ------------
     RAM64X1S:WCLK->O      1   1.012   0.681  Mram_ramdist16 (dout_15_OBUF)
     OBUF:I->O                 2.912          dout_15_OBUF (dout<15>)
    ----------------------------------------
    Total                      4.605ns (3.924ns logic, 0.681ns route)
                                       (85.2% logic, 14.8% route)

=========================================================================
Timing constraint: Default path analysis
  Total number of paths / destination ports: 96 / 16
-------------------------------------------------------------------------
Delay:               6.337ns (Levels of Logic = 3)
  Source:            adr<0> (PAD)
  Destination:       dout<15> (PAD)

  Data Path: adr<0> to dout<15>
                                Gate     Net
    Cell:in->out      fanout   Delay   Delay  Logical Name (Net Name)
    ----------------------------------------  ------------
     IBUF:I->O            16   1.328   1.181  adr_0_IBUF (adr_0_IBUF)
     RAM64X1S:A0->O        1   0.235   0.681  Mram_ramdist1 (dout_0_OBUF)
     OBUF:I->O                 2.912          dout_0_OBUF (dout<0>)
    ----------------------------------------
    Total                      6.337ns (4.475ns logic, 1.862ns route)
                                       (70.6% logic, 29.4% route)

=========================================================================

Cross Clock Domains Report:
--------------------------

=========================================================================


Total REAL time to Xst completion: 16.00 secs
Total CPU time to Xst completion: 10.26 secs
 
--> 


Total memory usage is 377356 kilobytes

Number of errors   :    0 (   0 filtered)
Number of warnings :    0 (   0 filtered)
Number of infos    :    1 (   0 filtered)

